2025-08-03 19:14:14.234 [info] [main] Log level: Info
2025-08-03 19:14:14.234 [info] [main] Validating found git in: "git"
2025-08-03 19:14:14.234 [info] [main] Using git "2.49.0" from "git"
2025-08-03 19:14:14.234 [info] [Model][doInitialScan] Initial repository scan started
2025-08-03 19:14:14.234 [info] [Model][doInitialScan] Initial repository scan completed - repositories (0), closed repositories (0), parent repositories (0), unsafe repositories (0)
2025-08-03 19:15:03.641 [info] > git rev-parse --show-toplevel [2ms]
2025-08-03 19:15:03.641 [info] fatal: not a git repository (or any of the parent directories): .git
2025-08-03 19:15:24.772 [info] > git rev-parse --show-toplevel [17ms]
2025-08-03 19:15:37.452 [info] > git rev-parse --show-toplevel [2ms]
2025-08-03 19:15:37.464 [info] > git rev-parse --git-dir --git-common-dir [2ms]
2025-08-03 19:15:37.480 [info] [Model][openRepository] Opened repository (path): /home/ijadux2/code
2025-08-03 19:15:37.480 [info] [Model][openRepository] Opened repository (real path): /home/ijadux2/code
2025-08-03 19:15:37.501 [info] > git config --get commit.template [4ms]
2025-08-03 19:15:37.513 [info] [Git][getRemotes] No remotes found in the git config file
2025-08-03 19:15:37.516 [info] > git for-each-ref --format=%(refname)%00%(upstream:short)%00%(objectname)%00%(upstream:track)%00%(upstream:remotename)%00%(upstream:remoteref) refs/heads/main refs/remotes/main [3ms]
2025-08-03 19:15:37.516 [warning] [Git][getBranch] No such branch: main
2025-08-03 19:15:37.538 [info] > git status -z -uall [14ms]
2025-08-03 19:15:37.539 [info] > git for-each-ref --sort -committerdate --format %(refname)%00%(objectname)%00%(*objectname) [5ms]
2025-08-03 19:15:37.572 [info] > git for-each-ref --format=%(refname)%00%(upstream:short)%00%(objectname)%00%(upstream:track)%00%(upstream:remotename)%00%(upstream:remoteref) refs/heads/main refs/remotes/main [16ms]
2025-08-03 19:15:37.572 [warning] [Git][getBranch] No such branch: main
2025-08-03 19:15:37.572 [error] [GitHistoryProvider][resolveHEADMergeBase] Failed to resolve merge base for main: Error: No such branch: main.
2025-08-03 19:15:37.581 [info] > git config --get commit.template [9ms]
2025-08-03 19:15:37.592 [info] [Git][getRemotes] No remotes found in the git config file
2025-08-03 19:15:37.592 [info] > git for-each-ref --format=%(refname)%00%(upstream:short)%00%(objectname)%00%(upstream:track)%00%(upstream:remotename)%00%(upstream:remoteref) refs/heads/main refs/remotes/main [0ms]
2025-08-03 19:15:37.593 [warning] [Git][getBranch] No such branch: main
2025-08-03 19:15:37.617 [info] > git status -z -uall [12ms]
2025-08-03 19:15:37.618 [info] > git for-each-ref --sort -committerdate --format %(refname)%00%(objectname)%00%(*objectname) [1ms]
2025-08-03 19:15:38.036 [info] > git check-ignore -v -z --stdin [2ms]
2025-08-03 19:15:43.884 [info] > git rev-parse --show-toplevel [3ms]
2025-08-03 19:15:43.884 [info] fatal: not a git repository (or any of the parent directories): .git
2025-08-03 19:16:09.202 [info] > git rev-parse --show-toplevel [2ms]
2025-08-03 19:16:09.202 [info] fatal: not a git repository (or any of the parent directories): .git
2025-08-03 19:16:13.925 [info] > git rev-parse --show-toplevel [2ms]
2025-08-03 19:16:13.926 [info] fatal: not a git repository (or any of the parent directories): .git
