2025-08-03T10:50:33.514Z - info: [ui] [AppStore] loading 0 repositories from store
2025-08-03T10:50:33.546Z - info: [ui] [Welcome] no sign in step found. ignoring...
2025-08-03T10:50:33.583Z - info: [ui] [Welcome] no sign in step found. ignoring...
2025-08-03T10:50:33.614Z - info: [ui] launching: 3.4.13-linux1 (Linux 6.12.40)
2025-08-03T10:50:33.626Z - info: [ui] execPath: '/nix/store/na10k5gcxz57ksb2lfdg3zg8nqa10xw6-github-desktop-3.4.13/opt/github-desktop'
2025-08-03T10:50:33.630Z - info: [ui] [Welcome] no sign in step found. ignoring...
2025-08-03T10:50:33.758Z - info: [ui] [Welcome] no sign in step found. ignoring...
2025-08-03T10:50:34.893Z - info: [ui] [Welcome] advancing to step: SignInToDotComWithBrowser
2025-08-03T10:50:34.893Z - info: [ui] [SignInStore] initializing OAuth flow
2025-08-03T10:50:34.901Z - info: [main] opening in browser: https://github.com/login/oauth/authorize?client_id=3a723b10ac5575cc5bb9&scope=repo%20user%20workflow&state=ec0eef0b-d2fc-4f0a-9054-47d3e0c1df4f
2025-08-03T10:50:34.902Z - info: [ui] [Welcome] current sign in state not found. ignoring...
2025-08-03T10:50:35.148Z - info: [ui] [Welcome] kind Authentication is the same as Authentication. ignoring...
2025-08-03T10:50:36.479Z - info: [ui] Opt in reported.
2025-08-03T10:50:40.471Z - info: [main] Received possible protocol arguments: 3
2025-08-03T10:50:40.471Z - info: [main] Processing protocol url
2025-08-03T10:50:40.503Z - info: [ui] [Welcome] kind Authentication is the same as Authentication. ignoring...
2025-08-03T10:50:40.717Z - info: [main] Received possible protocol arguments: 2
2025-08-03T10:50:40.723Z - info: [main] Processing protocol url
2025-08-03T10:50:42.017Z - info: [ui] [SignInStore] account resolved
2025-08-03T10:50:42.018Z - info: [ui] [AppStore] adding account ijadux2 (kumar vaibhav) to store
2025-08-03T10:50:42.024Z - info: [ui] [Welcome] advancing to step: ConfigureGit
2025-08-03T10:50:42.073Z - info: [ui] [Welcome] no sign in step found. ignoring...
2025-08-03T10:50:42.609Z - info: [ui] [Welcome] no sign in step found. ignoring...
2025-08-03T10:50:42.740Z - info: [ui] Subscribed 'ijadux2' to Alive channel
