2025-08-03 19:14:11.940 [info] Extension host with pid 9215 started
2025-08-03 19:14:12.055 [info] ExtensionService#_doActivateExtension Blackboxapp.blackboxagent, startup: false, activationEvent: 'onView:blackboxai-dev.SidebarProvider'
2025-08-03 19:14:13.319 [info] ExtensionService#_doActivateExtension vscode.git-base, startup: true, activationEvent: '*', root cause: vscode.git
2025-08-03 19:14:13.328 [info] ExtensionService#_doActivateExtension vscode.configuration-editing, startup: false, activationEvent: 'onLanguage:jsonc'
2025-08-03 19:14:13.345 [info] ExtensionService#_doActivateExtension vscode.json-language-features, startup: false, activationEvent: 'onLanguage:jsonc'
2025-08-03 19:14:13.447 [info] ExtensionService#_doActivateExtension vscode.typescript-language-features, startup: false, activationEvent: 'onLanguage:jsonc'
2025-08-03 19:14:13.507 [info] ExtensionService#_doActivateExtension vscode.emmet, startup: false, activationEvent: 'onLanguage'
2025-08-03 19:14:13.647 [info] ExtensionService#_doActivateExtension vscode.git, startup: true, activationEvent: '*'
2025-08-03 19:14:13.698 [info] ExtensionService#_doActivateExtension vscode.github, startup: true, activationEvent: '*'
2025-08-03 19:14:13.981 [info] Eager extensions activated
2025-08-03 19:14:14.051 [info] ExtensionService#_doActivateExtension vscode.debug-auto-launch, startup: false, activationEvent: 'onStartupFinished'
2025-08-03 19:14:14.060 [info] ExtensionService#_doActivateExtension vscode.merge-conflict, startup: false, activationEvent: 'onStartupFinished'
2025-08-03 19:14:14.112 [info] ExtensionService#_doActivateExtension BrandonKirbyson.vscode-animations, startup: false, activationEvent: 'onStartupFinished'
2025-08-03 19:14:14.117 [info] ExtensionService#_doActivateExtension drcika.apc-extension, startup: false, activationEvent: 'onStartupFinished'
2025-08-03 19:14:14.132 [error] Activating extension drcika.apc-extension failed due to an error:
2025-08-03 19:14:14.132 [error] TypeError: Cannot read properties of undefined (reading 'filename')
	at Object.<anonymous> (/home/ijadux2/.vscode-oss/extensions/drcika.apc-extension-0.4.1-universal/dist/patch.js:17:52)
	at Module._compile (node:internal/modules/cjs/loader:1544:14)
	at Module._extensions..js (node:internal/modules/cjs/loader:1629:10)
	at Module.load (node:internal/modules/cjs/loader:1282:32)
	at Module._load (node:internal/modules/cjs/loader:1103:12)
	at c._load (node:electron/js2c/node_init:2:16955)
	at e._load (file:///nix/store/hkli1fcbdw2xqqs23clp6f6djac2dh1q-vscodium-1.100.13210/lib/vscode/resources/app/out/vs/workbench/api/node/extensionHostProcess.js:225:1544)
	at t._load (file:///nix/store/hkli1fcbdw2xqqs23clp6f6djac2dh1q-vscodium-1.100.13210/lib/vscode/resources/app/out/vs/workbench/api/node/extensionHostProcess.js:180:28832)
	at i._load (file:///nix/store/hkli1fcbdw2xqqs23clp6f6djac2dh1q-vscodium-1.100.13210/lib/vscode/resources/app/out/vs/workbench/api/node/extensionHostProcess.js:172:22856)
	at Module.require (node:internal/modules/cjs/loader:1305:19)
	at require (node:internal/modules/helpers:182:18)
	at Object.<anonymous> (/home/ijadux2/.vscode-oss/extensions/drcika.apc-extension-0.4.1-universal/dist/extension.js:7:17)
	at Module._compile (node:internal/modules/cjs/loader:1544:14)
	at Module._extensions..js (node:internal/modules/cjs/loader:1629:10)
	at Module.load (node:internal/modules/cjs/loader:1282:32)
	at Module._load (node:internal/modules/cjs/loader:1103:12)
	at c._load (node:electron/js2c/node_init:2:16955)
	at e._load (file:///nix/store/hkli1fcbdw2xqqs23clp6f6djac2dh1q-vscodium-1.100.13210/lib/vscode/resources/app/out/vs/workbench/api/node/extensionHostProcess.js:225:1544)
	at t._load (file:///nix/store/hkli1fcbdw2xqqs23clp6f6djac2dh1q-vscodium-1.100.13210/lib/vscode/resources/app/out/vs/workbench/api/node/extensionHostProcess.js:180:28832)
	at i._load (file:///nix/store/hkli1fcbdw2xqqs23clp6f6djac2dh1q-vscodium-1.100.13210/lib/vscode/resources/app/out/vs/workbench/api/node/extensionHostProcess.js:172:22856)
	at Module.require (node:internal/modules/cjs/loader:1305:19)
	at require (node:internal/modules/helpers:182:18)
	at PQ._doLoadModule (file:///nix/store/hkli1fcbdw2xqqs23clp6f6djac2dh1q-vscodium-1.100.13210/lib/vscode/resources/app/out/vs/workbench/api/node/extensionHostProcess.js:211:1632)
2025-08-03 19:16:31.155 [info] Extension host terminating: renderer closed the MessagePort
2025-08-03 19:16:31.183 [info] Extension host with pid 9215 exiting with code 0
