2025-08-03 15:39:26.071 [info] Extension host with pid 17443 started
2025-08-03 15:39:26.129 [info] ExtensionService#_doActivateExtension Blackboxapp.blackboxagent, startup: false, activationEvent: 'onView:blackboxai-dev.SidebarProvider'
2025-08-03 15:39:27.161 [info] ExtensionService#_doActivateExtension vscode.emmet, startup: false, activationEvent: 'onLanguage'
2025-08-03 15:39:27.201 [info] ExtensionService#_doActivateExtension jnoortheen.nix-ide, startup: false, activationEvent: 'onLanguage:nix'
2025-08-03 15:39:27.289 [info] ExtensionService#_doActivateExtension vscode.git-base, startup: true, activationEvent: '*', root cause: vscode.git
2025-08-03 15:39:27.316 [info] ExtensionService#_doActivateExtension vscode.configuration-editing, startup: false, activationEvent: 'onLanguage:jsonc'
2025-08-03 15:39:27.328 [info] ExtensionService#_doActivateExtension vscode.json-language-features, startup: false, activationEvent: 'onLanguage:jsonc'
2025-08-03 15:39:27.426 [info] ExtensionService#_doActivateExtension vscode.typescript-language-features, startup: false, activationEvent: 'onLanguage:jsonc'
2025-08-03 15:39:27.577 [info] ExtensionService#_doActivateExtension vscode.git, startup: true, activationEvent: '*'
2025-08-03 15:39:27.635 [info] ExtensionService#_doActivateExtension vscode.github, startup: true, activationEvent: '*'
2025-08-03 15:39:27.923 [info] Eager extensions activated
2025-08-03 15:39:27.978 [info] ExtensionService#_doActivateExtension vscode.debug-auto-launch, startup: false, activationEvent: 'onStartupFinished'
2025-08-03 15:39:27.984 [info] ExtensionService#_doActivateExtension vscode.merge-conflict, startup: false, activationEvent: 'onStartupFinished'
2025-08-03 15:39:28.027 [info] ExtensionService#_doActivateExtension BrandonKirbyson.vscode-animations, startup: false, activationEvent: 'onStartupFinished'
2025-08-03 15:39:28.031 [info] ExtensionService#_doActivateExtension drcika.apc-extension, startup: false, activationEvent: 'onStartupFinished'
2025-08-03 15:39:28.043 [error] Activating extension drcika.apc-extension failed due to an error:
2025-08-03 15:39:28.043 [error] TypeError: Cannot read properties of undefined (reading 'filename')
	at Object.<anonymous> (/home/ijadux2/.vscode-oss/extensions/drcika.apc-extension-0.4.1-universal/dist/patch.js:17:52)
	at Module._compile (node:internal/modules/cjs/loader:1544:14)
	at Module._extensions..js (node:internal/modules/cjs/loader:1629:10)
	at Module.load (node:internal/modules/cjs/loader:1282:32)
	at Module._load (node:internal/modules/cjs/loader:1103:12)
	at c._load (node:electron/js2c/node_init:2:16955)
	at e._load (file:///nix/store/hkli1fcbdw2xqqs23clp6f6djac2dh1q-vscodium-1.100.13210/lib/vscode/resources/app/out/vs/workbench/api/node/extensionHostProcess.js:225:1544)
	at t._load (file:///nix/store/hkli1fcbdw2xqqs23clp6f6djac2dh1q-vscodium-1.100.13210/lib/vscode/resources/app/out/vs/workbench/api/node/extensionHostProcess.js:180:28832)
	at i._load (file:///nix/store/hkli1fcbdw2xqqs23clp6f6djac2dh1q-vscodium-1.100.13210/lib/vscode/resources/app/out/vs/workbench/api/node/extensionHostProcess.js:172:22856)
	at Module.require (node:internal/modules/cjs/loader:1305:19)
	at require (node:internal/modules/helpers:182:18)
	at Object.<anonymous> (/home/ijadux2/.vscode-oss/extensions/drcika.apc-extension-0.4.1-universal/dist/extension.js:7:17)
	at Module._compile (node:internal/modules/cjs/loader:1544:14)
	at Module._extensions..js (node:internal/modules/cjs/loader:1629:10)
	at Module.load (node:internal/modules/cjs/loader:1282:32)
	at Module._load (node:internal/modules/cjs/loader:1103:12)
	at c._load (node:electron/js2c/node_init:2:16955)
	at e._load (file:///nix/store/hkli1fcbdw2xqqs23clp6f6djac2dh1q-vscodium-1.100.13210/lib/vscode/resources/app/out/vs/workbench/api/node/extensionHostProcess.js:225:1544)
	at t._load (file:///nix/store/hkli1fcbdw2xqqs23clp6f6djac2dh1q-vscodium-1.100.13210/lib/vscode/resources/app/out/vs/workbench/api/node/extensionHostProcess.js:180:28832)
	at i._load (file:///nix/store/hkli1fcbdw2xqqs23clp6f6djac2dh1q-vscodium-1.100.13210/lib/vscode/resources/app/out/vs/workbench/api/node/extensionHostProcess.js:172:22856)
	at Module.require (node:internal/modules/cjs/loader:1305:19)
	at require (node:internal/modules/helpers:182:18)
	at PQ._doLoadModule (file:///nix/store/hkli1fcbdw2xqqs23clp6f6djac2dh1q-vscodium-1.100.13210/lib/vscode/resources/app/out/vs/workbench/api/node/extensionHostProcess.js:211:1632)
2025-08-03 15:40:38.784 [info] Extension host terminating: renderer closed the MessagePort
2025-08-03 15:40:38.797 [error] TypeError: Cannot read properties of undefined (reading 'dispose')
	at z4 (/home/ijadux2/.vscode-oss/extensions/jnoortheen.nix-ide-0.4.22-universal/dist/extension.js:44:45451)
	at Object.DO (/home/ijadux2/.vscode-oss/extensions/jnoortheen.nix-ide-0.4.22-universal/dist/extension.js:44:48473)
	at PQ._deactivate (file:///nix/store/hkli1fcbdw2xqqs23clp6f6djac2dh1q-vscodium-1.100.13210/lib/vscode/resources/app/out/vs/workbench/api/node/extensionHostProcess.js:123:14502)
	at file:///nix/store/hkli1fcbdw2xqqs23clp6f6djac2dh1q-vscodium-1.100.13210/lib/vscode/resources/app/out/vs/workbench/api/node/extensionHostProcess.js:123:12013
	at Array.map (<anonymous>)
	at PQ._deactivateAll (file:///nix/store/hkli1fcbdw2xqqs23clp6f6djac2dh1q-vscodium-1.100.13210/lib/vscode/resources/app/out/vs/workbench/api/node/extensionHostProcess.js:123:12001)
	at PQ.terminate (file:///nix/store/hkli1fcbdw2xqqs23clp6f6djac2dh1q-vscodium-1.100.13210/lib/vscode/resources/app/out/vs/workbench/api/node/extensionHostProcess.js:123:12354)
	at v8.terminate (file:///nix/store/hkli1fcbdw2xqqs23clp6f6djac2dh1q-vscodium-1.100.13210/lib/vscode/resources/app/out/vs/workbench/api/node/extensionHostProcess.js:124:1602)
	at ds (file:///nix/store/hkli1fcbdw2xqqs23clp6f6djac2dh1q-vscodium-1.100.13210/lib/vscode/resources/app/out/vs/workbench/api/node/extensionHostProcess.js:225:5829)
	at MessagePortMain.<anonymous> (file:///nix/store/hkli1fcbdw2xqqs23clp6f6djac2dh1q-vscodium-1.100.13210/lib/vscode/resources/app/out/vs/workbench/api/node/extensionHostProcess.js:225:2284)
	at MessagePortMain.emit (node:events:524:28)
	at MessagePortMain._internalPort.emit (node:electron/js2c/utility_init:2:2949)
2025-08-03 15:40:38.798 [info] Extension host with pid 17443 exiting with code 0
