2025-08-03 13:57:02.645 [info] ComputeTargetPlatform: linux-x64
2025-08-03 13:57:12.210 [info] ComputeTargetPlatform: linux-x64
2025-08-03 13:57:18.524 [info] Getting Manifest... blackboxapp.blackboxagent
2025-08-03 13:57:20.466 [info] Installing extension: blackboxapp.blackboxagent {"isMachineScoped":false,"installPreReleaseVersion":false,"pinned":false,"profileLocation":{"$mid":1,"external":"vscode-userdata:/home/ijadux2/.vscode-oss/extensions/extensions.json","path":"/home/ijadux2/.vscode-oss/extensions/extensions.json","scheme":"vscode-userdata"},"isApplicationScoped":false,"productVersion":{"version":"1.100.13210","date":"2025-05-13T18:26:25.331Z"}}
2025-08-03 13:57:39.703 [info] Extracted extension to file:///home/ijadux2/.vscode-oss/extensions/blackboxapp.blackboxagent-3.3.33-universal: blackboxapp.blackboxagent
2025-08-03 13:57:39.797 [info] Renamed to /home/ijadux2/.vscode-oss/extensions/blackboxapp.blackboxagent-3.3.33-universal
2025-08-03 13:57:39.816 [info] Extension installed successfully: blackboxapp.blackboxagent vscode-userdata:/home/ijadux2/.vscode-oss/extensions/extensions.json
2025-08-03 13:57:59.251 [info] Getting Manifest... jdinhlife.gruvbox
2025-08-03 13:58:01.820 [info] Installing extension: jdinhlife.gruvbox {"isMachineScoped":false,"installPreReleaseVersion":false,"pinned":false,"profileLocation":{"$mid":1,"external":"vscode-userdata:/home/ijadux2/.vscode-oss/extensions/extensions.json","path":"/home/ijadux2/.vscode-oss/extensions/extensions.json","scheme":"vscode-userdata"},"isApplicationScoped":false,"productVersion":{"version":"1.100.13210","date":"2025-05-13T18:26:25.331Z"}}
2025-08-03 13:58:24.192 [info] Extracted extension to file:///home/ijadux2/.vscode-oss/extensions/jdinhlife.gruvbox-1.28.0-universal: jdinhlife.gruvbox
2025-08-03 13:58:24.195 [info] Renamed to /home/ijadux2/.vscode-oss/extensions/jdinhlife.gruvbox-1.28.0-universal
2025-08-03 13:58:24.209 [info] Extension installed successfully: jdinhlife.gruvbox vscode-userdata:/home/ijadux2/.vscode-oss/extensions/extensions.json
2025-08-03 13:58:44.488 [info] Getting Manifest... jnoortheen.nix-ide
2025-08-03 13:58:45.490 [info] Installing extension: jnoortheen.nix-ide {"isMachineScoped":false,"installPreReleaseVersion":false,"pinned":false,"profileLocation":{"$mid":1,"external":"vscode-userdata:/home/ijadux2/.vscode-oss/extensions/extensions.json","path":"/home/ijadux2/.vscode-oss/extensions/extensions.json","scheme":"vscode-userdata"},"isApplicationScoped":false,"productVersion":{"version":"1.100.13210","date":"2025-05-13T18:26:25.331Z"}}
2025-08-03 13:58:48.257 [info] Extracted extension to file:///home/ijadux2/.vscode-oss/extensions/jnoortheen.nix-ide-0.4.22-universal: jnoortheen.nix-ide
2025-08-03 13:58:48.259 [info] Renamed to /home/ijadux2/.vscode-oss/extensions/jnoortheen.nix-ide-0.4.22-universal
2025-08-03 13:58:48.270 [info] Extension installed successfully: jnoortheen.nix-ide vscode-userdata:/home/ijadux2/.vscode-oss/extensions/extensions.json
2025-08-03 13:59:07.472 [info] Getting Manifest... brandonkirbyson.vscode-animations
2025-08-03 13:59:09.359 [info] Installing extension: brandonkirbyson.vscode-animations {"isMachineScoped":false,"installPreReleaseVersion":false,"pinned":false,"profileLocation":{"$mid":1,"external":"vscode-userdata:/home/ijadux2/.vscode-oss/extensions/extensions.json","path":"/home/ijadux2/.vscode-oss/extensions/extensions.json","scheme":"vscode-userdata"},"isApplicationScoped":false,"productVersion":{"version":"1.100.13210","date":"2025-05-13T18:26:25.331Z"}}
2025-08-03 14:00:15.267 [info] Extracted extension to file:///home/ijadux2/.vscode-oss/extensions/brandonkirbyson.vscode-animations-2.0.1-universal: brandonkirbyson.vscode-animations
2025-08-03 14:00:15.284 [info] Renamed to /home/ijadux2/.vscode-oss/extensions/brandonkirbyson.vscode-animations-2.0.1-universal
2025-08-03 14:00:15.299 [info] Extension installed successfully: brandonkirbyson.vscode-animations vscode-userdata:/home/ijadux2/.vscode-oss/extensions/extensions.json
2025-08-03 14:00:27.099 [info] Getting Manifest... drcika.apc-extension
2025-08-03 14:00:29.252 [info] Installing extension: drcika.apc-extension {"context":{"extensionInstallSource":"command"},"isMachineScoped":false,"pinned":false,"profileLocation":{"$mid":1,"external":"vscode-userdata:/home/ijadux2/.vscode-oss/extensions/extensions.json","path":"/home/ijadux2/.vscode-oss/extensions/extensions.json","scheme":"vscode-userdata"},"isApplicationScoped":false,"productVersion":{"version":"1.100.13210","date":"2025-05-13T18:26:25.331Z"}}
2025-08-03 14:00:31.776 [info] Extracted extension to file:///home/ijadux2/.vscode-oss/extensions/drcika.apc-extension-0.4.1-universal: drcika.apc-extension
2025-08-03 14:00:31.783 [info] Renamed to /home/ijadux2/.vscode-oss/extensions/drcika.apc-extension-0.4.1-universal
2025-08-03 14:00:31.794 [info] Extension installed successfully: drcika.apc-extension vscode-userdata:/home/ijadux2/.vscode-oss/extensions/extensions.json
