2025-08-03 13:57:01.597 [info] Started local extension host with pid 12184.
2025-08-03 13:57:01.946 [info] Started initializing default profile extensions in extensions installation folder. file:///home/ijadux2/.vscode-oss/extensions
2025-08-03 13:57:02.395 [info] ComputeTargetPlatform: linux-x64
2025-08-03 13:57:02.416 [info] ChatSessionStore: Migrating 0 chat sessions from storage service to file system
2025-08-03 13:57:02.467 [info] Completed initializing default profile extensions in extensions installation folder. file:///home/ijadux2/.vscode-oss/extensions
2025-08-03 13:57:04.793 [info] [perf] Render performance baseline is 23ms
2025-08-03 13:57:39.854 [error] [Blackboxapp.blackboxagent]: Menu item references a command `blackbox.openBillingPortal` which is not defined in the 'commands' section.
2025-08-03 13:57:41.523 [error] The extension 'Blackboxapp.blackbox' cannot be installed because it was not found.: NotFound: The extension 'Blackboxapp.blackbox' cannot be installed because it was not found.
    at tct.install (vscode-file://vscode-app/nix/store/hkli1fcbdw2xqqs23clp6f6djac2dh1q-vscodium-1.100.13210/lib/vscode/resources/app/out/vs/workbench/workbench.desktop.main.js:2509:42201)
    at async handler (vscode-file://vscode-app/nix/store/hkli1fcbdw2xqqs23clp6f6djac2dh1q-vscodium-1.100.13210/lib/vscode/resources/app/out/vs/workbench/workbench.desktop.main.js:2521:5467)
2025-08-03 13:57:42.545 [error] The extension 'Blackboxapp.blackbox' cannot be installed because it was not found.
2025-08-03 13:57:46.675 [warning] [mainThreadStorage] large extension state detected (extensionId: Blackboxapp.blackboxagent, global: true): 1248.0478515625kb. Consider to use 'storageUri' or 'globalStorageUri' to store this data on disk instead.
2025-08-03 13:57:48.245 [error] [Extension Host] (node:12184) [DEP0005] DeprecationWarning: Buffer() is deprecated due to security and usability issues. Please use the Buffer.alloc(), Buffer.allocUnsafe(), or Buffer.from() methods instead.
(Use `exe --trace-deprecation ...` to show where the warning was created)
2025-08-03 13:58:01.043 [error] [Extension Host] [RevisionManager] Error reading tasks directory: Error: ENOENT: no such file or directory, scandir '/home/ijadux2/.config/VSCodium/User/globalStorage/blackboxapp.blackboxagent/tasks'
	at async readdir (node:internal/fs/promises:952:18)
	at async r.getAllRevisions (/home/ijadux2/.vscode-oss/extensions/blackboxapp.blackboxagent-3.3.33-universal/dist/extension.js:912:432)
	at async r.cleanupOldRevisions (/home/ijadux2/.vscode-oss/extensions/blackboxapp.blackboxagent-3.3.33-universal/dist/extension.js:910:8080)
2025-08-03 14:00:32.680 [info] Started local extension host with pid 12539.
2025-08-03 14:00:33.139 [info] ComputeTargetPlatform: linux-x64
2025-08-03 14:00:33.182 [error] [Blackboxapp.blackboxagent]: Menu item references a command `blackbox.openBillingPortal` which is not defined in the 'commands' section.
2025-08-03 14:00:33.766 [warning] [mainThreadStorage] large extension state detected (extensionId: Blackboxapp.blackboxagent, global: true): 1248.0478515625kb. Consider to use 'storageUri' or 'globalStorageUri' to store this data on disk instead.
2025-08-03 14:00:35.459 [info] [perf] Render performance baseline is 26ms
2025-08-03 14:00:39.591 [error] command 'apc.extension.enable' not found
2025-08-03 14:00:54.815 [error] [Extension Host] [RevisionManager] Error reading tasks directory: Error: ENOENT: no such file or directory, scandir '/home/ijadux2/.config/VSCodium/User/globalStorage/blackboxapp.blackboxagent/tasks'
	at async readdir (node:internal/fs/promises:952:18)
	at async r.getAllRevisions (/home/ijadux2/.vscode-oss/extensions/blackboxapp.blackboxagent-3.3.33-universal/dist/extension.js:912:432)
	at async r.cleanupOldRevisions (/home/ijadux2/.vscode-oss/extensions/blackboxapp.blackboxagent-3.3.33-universal/dist/extension.js:910:8080)
2025-08-03 14:01:41.565 [warning] [mainThreadStorage] large extension state detected (extensionId: Blackboxapp.blackboxagent, global: true): 1248.0390625kb. Consider to use 'storageUri' or 'globalStorageUri' to store this data on disk instead.
2025-08-03 14:01:41.626 [warning] [mainThreadStorage] large extension state detected (extensionId: Blackboxapp.blackboxagent, global: true): 1248.0478515625kb. Consider to use 'storageUri' or 'globalStorageUri' to store this data on disk instead.
2025-08-03 14:01:41.687 [warning] [mainThreadStorage] large extension state detected (extensionId: Blackboxapp.blackboxagent, global: true): 1248.0390625kb. Consider to use 'storageUri' or 'globalStorageUri' to store this data on disk instead.
2025-08-03 14:01:41.748 [warning] [mainThreadStorage] large extension state detected (extensionId: Blackboxapp.blackboxagent, global: true): 1248.0478515625kb. Consider to use 'storageUri' or 'globalStorageUri' to store this data on disk instead.
2025-08-03 14:01:46.192 [warning] [mainThreadStorage] large extension state detected (extensionId: Blackboxapp.blackboxagent, global: true): 1248.0478515625kb. Consider to use 'storageUri' or 'globalStorageUri' to store this data on disk instead.
